Forwarding from 127.0.0.1:18024 -> 8024
Forwarding from [::1]:18024 -> 8024
Handling connection for 18024
Handling connection for 18024
Handling connection for 18024
Handling connection for 18024
Handling connection for 18024
Handling connection for 18024
Handling connection for 18024
Handling connection for 18024
Handling connection for 18024
Handling connection for 18024
Handling connection for 18024
Handling connection for 18024
Handling connection for 18024
Handling connection for 18024
Handling connection for 18024
Handling connection for 18024
Handling connection for 18024
Handling connection for 18024
Handling connection for 18024
Handling connection for 18024
Handling connection for 18024
Handling connection for 18024
Handling connection for 18024
Handling connection for 18024
Handling connection for 18024
E0103 00:42:07.136536   26751 portforward.go:409] an error occurred forwarding 18024 -> 8024: error forwarding port 8024 to pod 6e4e0311f21e85918fb623bc5f4843b21fbe7f0e3ec8b9331f7faefc5aaad9a4, uid : exit status 1: nsenter: cannot open /proc/4423/ns/net: No such file or directory
error: lost connection to pod
Forwarding from 127.0.0.1:38080 -> 18080
Forwarding from [::1]:38080 -> 18080
Handling connection for 38080
Handling connection for 38080
Handling connection for 38080
Handling connection for 38080
Handling connection for 38080
Handling connection for 38080
Forwarding from 127.0.0.1:18124 -> 8124
Forwarding from [::1]:18124 -> 8124
Forwarding from 127.0.0.1:32700 -> 3306
Forwarding from [::1]:32700 -> 3306
Handling connection for 32700
Handling connection for 32700
Handling connection for 32700
Handling connection for 32700
Handling connection for 32700
Handling connection for 32700
Handling connection for 32700
Handling connection for 32700
Handling connection for 32700
Handling connection for 32700
Handling connection for 32700
Handling connection for 32700
Handling connection for 32700
Handling connection for 32700
Handling connection for 32700
Handling connection for 32700
Handling connection for 32700
Handling connection for 32700
Handling connection for 32700
Handling connection for 32700
Handling connection for 32700
Handling connection for 32700
Handling connection for 32700
Handling connection for 18124
Handling connection for 32700
Handling connection for 32700
Handling connection for 32700
Handling connection for 18124
Handling connection for 32700
Handling connection for 32700
Handling connection for 32700
Handling connection for 32700
Handling connection for 32700
Handling connection for 32700
Handling connection for 32700
Handling connection for 32700
Handling connection for 32700
Handling connection for 18124
Handling connection for 32700
Handling connection for 32700
Handling connection for 32700
Handling connection for 32700
Handling connection for 32700
Handling connection for 18124
Handling connection for 32700
Handling connection for 32700
Handling connection for 32700
Handling connection for 32700
Handling connection for 32700
Handling connection for 32700
Handling connection for 32700
Handling connection for 32700
Handling connection for 32700
Handling connection for 32700
Handling connection for 18124
Handling connection for 32700
Handling connection for 32700
Handling connection for 32700
Handling connection for 32700
Handling connection for 32700
Handling connection for 32700
Handling connection for 32700
Handling connection for 32700
Handling connection for 32700
Handling connection for 32700
Handling connection for 18124
Handling connection for 32700
Handling connection for 32700
Handling connection for 32700
Handling connection for 32700
Handling connection for 32700
Handling connection for 32700
Handling connection for 32700
Handling connection for 32700
Handling connection for 32700
Handling connection for 32700
Handling connection for 18124
Handling connection for 32700
Handling connection for 32700
Handling connection for 32700
Handling connection for 32700
Handling connection for 32700
Handling connection for 32700
Handling connection for 32700
Handling connection for 32700
Handling connection for 32700
Handling connection for 32700
Handling connection for 32700
Handling connection for 32700
Handling connection for 32700
Handling connection for 32700
Handling connection for 32700
Handling connection for 32700
Handling connection for 32700
Handling connection for 32700
Handling connection for 32700
Handling connection for 32700
Handling connection for 32700
Handling connection for 32700
Handling connection for 32700
Handling connection for 32700
Handling connection for 32700
Handling connection for 32700
Handling connection for 32700
Handling connection for 32700
Handling connection for 32700
Handling connection for 32700
Handling connection for 32700
Handling connection for 32700
Handling connection for 32700
Handling connection for 32700
Handling connection for 32700
Handling connection for 32700
Handling connection for 32700
Handling connection for 32700
Handling connection for 32700
Handling connection for 32700
Handling connection for 32700
Handling connection for 32700
Handling connection for 32700
Handling connection for 32700
Handling connection for 32700
Handling connection for 32700
Handling connection for 32700
Handling connection for 32700
E0103 02:41:19.723677   72277 portforward.go:409] an error occurred forwarding 32700 -> 3306: error forwarding port 3306 to pod 83b021d614dadbeaf4a5e3890512ca11b8ff0d38a1905fd2f074da524837d0c0, uid : exit status 1: 2024/01/02 17:41:19 socat[508543] E write(5, 0xaaaac1178000, 40): Broken pipe
error: lost connection to pod
Handling connection for 18124
Handling connection for 18124
Handling connection for 18124
Handling connection for 18124
Handling connection for 18124
Handling connection for 18124
Handling connection for 18124
Handling connection for 18124
E0103 10:36:23.672418   70589 portforward.go:381] error copying from remote stream to local connection: readfrom tcp4 127.0.0.1:18124->127.0.0.1:49656: write tcp4 127.0.0.1:18124->127.0.0.1:49656: write: broken pipe
Handling connection for 18124
Handling connection for 18124
Handling connection for 18124
Handling connection for 18124
Handling connection for 18124
Handling connection for 18124
Handling connection for 18124
Handling connection for 18124
Handling connection for 18124
Handling connection for 18124
Handling connection for 18124
Handling connection for 18124
Handling connection for 18124
Handling connection for 18124
Handling connection for 18124
Handling connection for 18124
Handling connection for 18124
Handling connection for 18124
Handling connection for 18124
Handling connection for 18124
Handling connection for 18124
Handling connection for 18124
Handling connection for 18124
Handling connection for 18124
Handling connection for 18124
Handling connection for 18124
Handling connection for 18124
Handling connection for 18124
Handling connection for 18124
Handling connection for 18124
Handling connection for 18124
Handling connection for 18124
Handling connection for 18124
Handling connection for 18124
Handling connection for 18124
Handling connection for 18124
Handling connection for 18124
Handling connection for 18124
Handling connection for 18124
Handling connection for 18124
Handling connection for 18124
Handling connection for 18124
Handling connection for 18124
Handling connection for 18124
Handling connection for 18124
Handling connection for 18124
Handling connection for 18124
Handling connection for 18124
Handling connection for 18124
Handling connection for 18124
Handling connection for 18124
Handling connection for 18124
Handling connection for 18124
Handling connection for 18124
Handling connection for 18124
Handling connection for 18124
Handling connection for 18124
Handling connection for 18124
Handling connection for 18124
Handling connection for 18124
Handling connection for 18124
Handling connection for 18124
Handling connection for 18124
Handling connection for 18124
Handling connection for 18124
Handling connection for 18124
Handling connection for 18124
Handling connection for 18124
Handling connection for 18124
Handling connection for 18124
Handling connection for 18124
Handling connection for 18124
Handling connection for 18124
Handling connection for 18124
Handling connection for 18124
Handling connection for 18124
Handling connection for 18124
Handling connection for 18124
Handling connection for 18124
Handling connection for 18124
Handling connection for 18124
Handling connection for 18124
Handling connection for 18124
Handling connection for 18124
Handling connection for 18124
Handling connection for 18124
Handling connection for 18124
Handling connection for 18124
Handling connection for 18124
Handling connection for 18124
Handling connection for 18124
Handling connection for 18124
Handling connection for 18124
Handling connection for 18124
Handling connection for 18124
Handling connection for 18124
Handling connection for 18124
Handling connection for 18124
Handling connection for 18124
Handling connection for 18124
Handling connection for 18124
Handling connection for 18124
Handling connection for 18124
Handling connection for 18124
Handling connection for 18124
Handling connection for 18124
Handling connection for 18124
Handling connection for 18124
Handling connection for 18124
Handling connection for 18124
Handling connection for 18124
Handling connection for 18124
Handling connection for 18124
Handling connection for 18124
Handling connection for 18124
Handling connection for 18124
Handling connection for 18124
Handling connection for 18124
Handling connection for 18124
Handling connection for 18124
Handling connection for 18124
Handling connection for 18124
Handling connection for 18124
Handling connection for 18124
Handling connection for 18124
Handling connection for 18124
Handling connection for 18124
Handling connection for 18124
Handling connection for 18124
Handling connection for 18124
Handling connection for 18124
Handling connection for 18124
Handling connection for 18124
Handling connection for 18124
Handling connection for 18124
Handling connection for 18124
Handling connection for 18124
Handling connection for 18124
Handling connection for 18124
Handling connection for 18124
Handling connection for 18124
Handling connection for 18124
Handling connection for 18124
Handling connection for 18124
Handling connection for 18124
Handling connection for 18124
Handling connection for 18124
Handling connection for 18124
Handling connection for 18124
Handling connection for 18124
Handling connection for 18124
Handling connection for 18124
Handling connection for 18124
Handling connection for 18124
Handling connection for 18124
Handling connection for 18124
Handling connection for 18124
